\BOOKMARK [0][-]{chapter.1}{\376\377\0001\000\040\004\020\004\073\004\104\004\060\004\062\004\070\004\102\004\075\004\113\004\071\000\040\004\103\004\072\004\060\004\067\004\060\004\102\004\065\004\073\004\114\000\040\004\077\004\100\004\076\004\101\004\102\004\100\004\060\004\075\004\101\004\102\004\062\000\040\004\070\004\074\004\065\004\075}{}% 1
\BOOKMARK [1][-]{section.1.1}{\376\377\0001\000.\0001\000\040\004\037\004\100\004\076\004\101\004\102\004\100\004\060\004\075\004\101\004\102\004\062\004\060\000\040\004\070\004\074\004\065\004\075}{chapter.1}% 2
\BOOKMARK [0][-]{chapter.2}{\376\377\0002\000\040\004\030\004\065\004\100\004\060\004\100\004\105\004\070\004\107\004\065\004\101\004\072\004\070\004\071\000\040\004\101\004\077\004\070\004\101\004\076\004\072\000\040\004\072\004\073\004\060\004\101\004\101\004\076\004\062}{}% 3
\BOOKMARK [1][-]{section.2.1}{\376\377\0002\000.\0001\000\040\004\030\004\065\004\100\004\060\004\100\004\105\004\070\004\117\000\040\004\072\004\073\004\060\004\101\004\101\004\076\004\062}{chapter.2}% 4
\BOOKMARK [0][-]{chapter.3}{\376\377\0003\000\040\004\020\004\073\004\104\004\060\004\062\004\070\004\102\004\075\004\113\004\071\000\040\004\103\004\072\004\060\004\067\004\060\004\102\004\065\004\073\004\114\000\040\004\072\004\073\004\060\004\101\004\101\004\076\004\062}{}% 5
\BOOKMARK [1][-]{section.3.1}{\376\377\0003\000.\0001\000\040\004\032\004\073\004\060\004\101\004\101\004\113}{chapter.3}% 6
\BOOKMARK [0][-]{chapter.4}{\376\377\0004\000\040\004\041\004\077\004\070\004\101\004\076\004\072\000\040\004\104\004\060\004\071\004\073\004\076\004\062}{}% 7
\BOOKMARK [1][-]{section.4.1}{\376\377\0004\000.\0001\000\040\004\044\004\060\004\071\004\073\004\113}{chapter.4}% 8
\BOOKMARK [0][-]{chapter.5}{\376\377\0005\000\040\004\037\004\100\004\076\004\101\004\102\004\100\004\060\004\075\004\101\004\102\004\062\004\060\000\040\004\070\004\074\004\065\004\075}{}% 9
\BOOKMARK [1][-]{section.5.1}{\376\377\0005\000.\0001\000\040\004\037\004\100\004\076\004\101\004\102\004\100\004\060\004\075\004\101\004\102\004\062\004\076\000\040\004\070\004\074\004\065\004\075\000\040\000c\000r\000u\000t\000i\000l\000s}{chapter.5}% 10
\BOOKMARK [2][-]{subsection.5.1.1}{\376\377\0005\000.\0001\000.\0001\000\040\004\037\004\076\004\064\004\100\004\076\004\061\004\075\004\076\004\065\000\040\004\076\004\077\004\070\004\101\004\060\004\075\004\070\004\065}{section.5.1}% 11
\BOOKMARK [2][-]{subsection.5.1.2}{\376\377\0005\000.\0001\000.\0002\000\040\004\044\004\103\004\075\004\072\004\106\004\070\004\070}{section.5.1}% 12
\BOOKMARK [3][-]{subsubsection.5.1.2.1}{\376\377\0005\000.\0001\000.\0002\000.\0001\000\040\000c\000a\000l\000c\000u\000l\000a\000t\000e\000H\000a\000s\000h\000\050\000\051}{subsection.5.1.2}% 13
\BOOKMARK [3][-]{subsubsection.5.1.2.2}{\376\377\0005\000.\0001\000.\0002\000.\0002\000\040\000g\000e\000n\000e\000r\000a\000t\000e\000S\000a\000l\000t\000\050\000\051}{subsection.5.1.2}% 14
\BOOKMARK [0][-]{chapter.6}{\376\377\0006\000\040\004\032\004\073\004\060\004\101\004\101\004\113}{}% 15
\BOOKMARK [1][-]{section.6.1}{\376\377\0006\000.\0001\000\040\004\032\004\073\004\060\004\101\004\101\000\040\000A\000r\000g\000s\000D\000e\000c\000o\000d\000e\000E\000x\000c\000e\000p\000t\000i\000o\000n}{chapter.6}% 16
\BOOKMARK [1][-]{section.6.2}{\376\377\0006\000.\0002\000\040\004\032\004\073\004\060\004\101\004\101\000\040\000A\000u\000t\000h\000E\000x\000c\000e\000p\000t\000i\000o\000n}{chapter.6}% 17
\BOOKMARK [2][-]{subsection.6.2.1}{\376\377\0006\000.\0002\000.\0001\000\040\004\037\004\076\004\064\004\100\004\076\004\061\004\075\004\076\004\065\000\040\004\076\004\077\004\070\004\101\004\060\004\075\004\070\004\065}{section.6.2}% 18
\BOOKMARK [2][-]{subsection.6.2.2}{\376\377\0006\000.\0002\000.\0002\000\040\004\032\004\076\004\075\004\101\004\102\004\100\004\103\004\072\004\102\004\076\004\100\000\050\004\113\000\051}{section.6.2}% 19
\BOOKMARK [3][-]{subsubsection.6.2.2.1}{\376\377\0006\000.\0002\000.\0002\000.\0001\000\040\000A\000u\000t\000h\000E\000x\000c\000e\000p\000t\000i\000o\000n\000\050\000\051}{subsection.6.2.2}% 20
\BOOKMARK [1][-]{section.6.3}{\376\377\0006\000.\0003\000\040\004\032\004\073\004\060\004\101\004\101\000\040\000D\000a\000t\000a\000D\000e\000c\000o\000d\000e\000E\000x\000c\000e\000p\000t\000i\000o\000n}{chapter.6}% 21
\BOOKMARK [2][-]{subsection.6.3.1}{\376\377\0006\000.\0003\000.\0001\000\040\004\037\004\076\004\064\004\100\004\076\004\061\004\075\004\076\004\065\000\040\004\076\004\077\004\070\004\101\004\060\004\075\004\070\004\065}{section.6.3}% 22
\BOOKMARK [2][-]{subsection.6.3.2}{\376\377\0006\000.\0003\000.\0002\000\040\004\032\004\076\004\075\004\101\004\102\004\100\004\103\004\072\004\102\004\076\004\100\000\050\004\113\000\051}{section.6.3}% 23
\BOOKMARK [3][-]{subsubsection.6.3.2.1}{\376\377\0006\000.\0003\000.\0002\000.\0001\000\040\000D\000a\000t\000a\000D\000e\000c\000o\000d\000e\000E\000x\000c\000e\000p\000t\000i\000o\000n\000\050\000\051}{subsection.6.3.2}% 24
\BOOKMARK [1][-]{section.6.4}{\376\377\0006\000.\0004\000\040\004\032\004\073\004\060\004\101\004\101\000\040\000E\000x\000c\000e\000p\000t\000i\000o\000n}{chapter.6}% 25
\BOOKMARK [2][-]{subsection.6.4.1}{\376\377\0006\000.\0004\000.\0001\000\040\004\037\004\076\004\064\004\100\004\076\004\061\004\075\004\076\004\065\000\040\004\076\004\077\004\070\004\101\004\060\004\075\004\070\004\065}{section.6.4}% 26
\BOOKMARK [2][-]{subsection.6.4.2}{\376\377\0006\000.\0004\000.\0002\000\040\004\032\004\076\004\075\004\101\004\102\004\100\004\103\004\072\004\102\004\076\004\100\000\050\004\113\000\051}{section.6.4}% 27
\BOOKMARK [3][-]{subsubsection.6.4.2.1}{\376\377\0006\000.\0004\000.\0002\000.\0001\000\040\000E\000x\000c\000e\000p\000t\000i\000o\000n\000\050\000\051}{subsection.6.4.2}% 28
\BOOKMARK [2][-]{subsection.6.4.3}{\376\377\0006\000.\0004\000.\0003\000\040\004\034\004\065\004\102\004\076\004\064\004\113}{section.6.4}% 29
\BOOKMARK [3][-]{subsubsection.6.4.3.1}{\376\377\0006\000.\0004\000.\0003\000.\0001\000\040\000w\000h\000a\000t\000\050\000\051}{subsection.6.4.3}% 30
\BOOKMARK [1][-]{section.6.5}{\376\377\0006\000.\0005\000\040\004\032\004\073\004\060\004\101\004\101\000\040\000I\000n\000t\000e\000r\000f\000a\000c\000e}{chapter.6}% 31
\BOOKMARK [2][-]{subsection.6.5.1}{\376\377\0006\000.\0005\000.\0001\000\040\004\037\004\076\004\064\004\100\004\076\004\061\004\075\004\076\004\065\000\040\004\076\004\077\004\070\004\101\004\060\004\075\004\070\004\065}{section.6.5}% 32
\BOOKMARK [2][-]{subsection.6.5.2}{\376\377\0006\000.\0005\000.\0002\000\040\004\032\004\076\004\075\004\101\004\102\004\100\004\103\004\072\004\102\004\076\004\100\000\050\004\113\000\051}{section.6.5}% 33
\BOOKMARK [3][-]{subsubsection.6.5.2.1}{\376\377\0006\000.\0005\000.\0002\000.\0001\000\040\000I\000n\000t\000e\000r\000f\000a\000c\000e\000\050\000\051}{subsection.6.5.2}% 34
\BOOKMARK [2][-]{subsection.6.5.3}{\376\377\0006\000.\0005\000.\0003\000\040\004\034\004\065\004\102\004\076\004\064\004\113}{section.6.5}% 35
\BOOKMARK [3][-]{subsubsection.6.5.3.1}{\376\377\0006\000.\0005\000.\0003\000.\0001\000\040\000g\000e\000t\000D\000b\000P\000a\000t\000h\000\050\000\051}{subsection.6.5.3}% 36
\BOOKMARK [3][-]{subsubsection.6.5.3.2}{\376\377\0006\000.\0005\000.\0003\000.\0002\000\040\000g\000e\000t\000L\000o\000g\000P\000a\000t\000h\000\050\000\051}{subsection.6.5.3}% 37
\BOOKMARK [3][-]{subsubsection.6.5.3.3}{\376\377\0006\000.\0005\000.\0003\000.\0003\000\040\000g\000e\000t\000N\000e\000t\000w\000o\000r\000k\000\050\000\051}{subsection.6.5.3}% 38
\BOOKMARK [3][-]{subsubsection.6.5.3.4}{\376\377\0006\000.\0005\000.\0003\000.\0004\000\040\000p\000a\000r\000s\000e\000A\000r\000g\000s\000\050\000\051}{subsection.6.5.3}% 39
\BOOKMARK [3][-]{subsubsection.6.5.3.5}{\376\377\0006\000.\0005\000.\0003\000.\0005\000\040\000r\000e\000a\000d\000D\000B\000\050\000\051}{subsection.6.5.3}% 40
\BOOKMARK [3][-]{subsubsection.6.5.3.6}{\376\377\0006\000.\0005\000.\0003\000.\0006\000\040\000r\000u\000n\000\050\000\051}{subsection.6.5.3}% 41
\BOOKMARK [1][-]{section.6.6}{\376\377\0006\000.\0006\000\040\004\032\004\073\004\060\004\101\004\101\000\040\000I\000O\000E\000x\000c\000e\000p\000t\000i\000o\000n}{chapter.6}% 42
\BOOKMARK [2][-]{subsection.6.6.1}{\376\377\0006\000.\0006\000.\0001\000\040\004\037\004\076\004\064\004\100\004\076\004\061\004\075\004\076\004\065\000\040\004\076\004\077\004\070\004\101\004\060\004\075\004\070\004\065}{section.6.6}% 43
\BOOKMARK [2][-]{subsection.6.6.2}{\376\377\0006\000.\0006\000.\0002\000\040\004\032\004\076\004\075\004\101\004\102\004\100\004\103\004\072\004\102\004\076\004\100\000\050\004\113\000\051}{section.6.6}% 44
\BOOKMARK [3][-]{subsubsection.6.6.2.1}{\376\377\0006\000.\0006\000.\0002\000.\0001\000\040\000I\000O\000E\000x\000c\000e\000p\000t\000i\000o\000n\000\050\000\051}{subsection.6.6.2}% 45
\BOOKMARK [1][-]{section.6.7}{\376\377\0006\000.\0007\000\040\004\032\004\073\004\060\004\101\004\101\000\040\000N\000e\000t\000w\000o\000r\000k}{chapter.6}% 46
\BOOKMARK [2][-]{subsection.6.7.1}{\376\377\0006\000.\0007\000.\0001\000\040\004\037\004\076\004\064\004\100\004\076\004\061\004\075\004\076\004\065\000\040\004\076\004\077\004\070\004\101\004\060\004\075\004\070\004\065}{section.6.7}% 47
\BOOKMARK [2][-]{subsection.6.7.2}{\376\377\0006\000.\0007\000.\0002\000\040\004\032\004\076\004\075\004\101\004\102\004\100\004\103\004\072\004\102\004\076\004\100\000\050\004\113\000\051}{section.6.7}% 48
\BOOKMARK [3][-]{subsubsection.6.7.2.1}{\376\377\0006\000.\0007\000.\0002\000.\0001\000\040\000N\000e\000t\000w\000o\000r\000k\000\050\000\051}{subsection.6.7.2}% 49
\BOOKMARK [2][-]{subsection.6.7.3}{\376\377\0006\000.\0007\000.\0003\000\040\004\034\004\065\004\102\004\076\004\064\004\113}{section.6.7}% 50
\BOOKMARK [3][-]{subsubsection.6.7.3.1}{\376\377\0006\000.\0007\000.\0003\000.\0001\000\040\000a\000u\000t\000h\000\050\000\051}{subsection.6.7.3}% 51
\BOOKMARK [3][-]{subsubsection.6.7.3.2}{\376\377\0006\000.\0007\000.\0003\000.\0002\000\040\000c\000a\000l\000c\000\050\000\051}{subsection.6.7.3}% 52
\BOOKMARK [3][-]{subsubsection.6.7.3.3}{\376\377\0006\000.\0007\000.\0003\000.\0003\000\040\000g\000e\000t\000A\000d\000d\000r\000e\000s\000s\000\050\000\051}{subsection.6.7.3}% 53
\BOOKMARK [3][-]{subsubsection.6.7.3.4}{\376\377\0006\000.\0007\000.\0003\000.\0004\000\040\000g\000e\000t\000D\000a\000t\000a\000b\000a\000s\000e\000\050\000\051}{subsection.6.7.3}% 54
\BOOKMARK [3][-]{subsubsection.6.7.3.5}{\376\377\0006\000.\0007\000.\0003\000.\0005\000\040\000g\000e\000t\000P\000o\000r\000t\000\050\000\051}{subsection.6.7.3}% 55
\BOOKMARK [3][-]{subsubsection.6.7.3.6}{\376\377\0006\000.\0007\000.\0003\000.\0006\000\040\000w\000a\000i\000t\000\050\000\051}{subsection.6.7.3}% 56
\BOOKMARK [1][-]{section.6.8}{\376\377\0006\000.\0008\000\040\004\032\004\073\004\060\004\101\004\101\000\040\000N\000e\000t\000w\000o\000r\000k\000E\000x\000c\000e\000p\000t\000i\000o\000n}{chapter.6}% 57
\BOOKMARK [2][-]{subsection.6.8.1}{\376\377\0006\000.\0008\000.\0001\000\040\004\037\004\076\004\064\004\100\004\076\004\061\004\075\004\076\004\065\000\040\004\076\004\077\004\070\004\101\004\060\004\075\004\070\004\065}{section.6.8}% 58
\BOOKMARK [2][-]{subsection.6.8.2}{\376\377\0006\000.\0008\000.\0002\000\040\004\032\004\076\004\075\004\101\004\102\004\100\004\103\004\072\004\102\004\076\004\100\000\050\004\113\000\051}{section.6.8}% 59
\BOOKMARK [3][-]{subsubsection.6.8.2.1}{\376\377\0006\000.\0008\000.\0002\000.\0001\000\040\000N\000e\000t\000w\000o\000r\000k\000E\000x\000c\000e\000p\000t\000i\000o\000n\000\050\000\051}{subsection.6.8.2}% 60
\BOOKMARK [0][-]{chapter.7}{\376\377\0007\000\040\004\044\004\060\004\071\004\073\004\113}{}% 61
\BOOKMARK [1][-]{section.7.1}{\376\377\0007\000.\0001\000\040\004\044\004\060\004\071\004\073\000\040\000/\000h\000o\000m\000e\000/\000s\000t\000u\000d\000e\000n\000t\000/\004\024\004\076\004\072\004\103\004\074\004\065\004\075\004\102\004\113\000/\000m\000a\000m\000e\000l\000i\000n\000/\000s\000e\000r\000v\000e\000r\000/\000s\000o\000u\000r\000c\000e\000/\000m\000o\000d\000u\000l\000e\000s\000/\000n\000e\000t\000w\000o\000r\000k\000.\000h}{chapter.7}% 62
\BOOKMARK [2][-]{subsection.7.1.1}{\376\377\0007\000.\0001\000.\0001\000\040\004\037\004\076\004\064\004\100\004\076\004\061\004\075\004\076\004\065\000\040\004\076\004\077\004\070\004\101\004\060\004\075\004\070\004\065}{section.7.1}% 63
\BOOKMARK [1][-]{section.7.2}{\376\377\0007\000.\0002\000\040\000n\000e\000t\000w\000o\000r\000k\000.\000h}{chapter.7}% 64
\BOOKMARK [1][-]{section.7.3}{\376\377\0007\000.\0003\000\040\004\044\004\060\004\071\004\073\000\040\000/\000h\000o\000m\000e\000/\000s\000t\000u\000d\000e\000n\000t\000/\004\024\004\076\004\072\004\103\004\074\004\065\004\075\004\102\004\113\000/\000m\000a\000m\000e\000l\000i\000n\000/\000s\000e\000r\000v\000e\000r\000/\000s\000o\000u\000r\000c\000e\000/\000m\000o\000d\000u\000l\000e\000s\000/\000e\000x\000c\000e\000p\000t\000i\000o\000n\000s\000.\000h}{chapter.7}% 65
\BOOKMARK [2][-]{subsection.7.3.1}{\376\377\0007\000.\0003\000.\0001\000\040\004\037\004\076\004\064\004\100\004\076\004\061\004\075\004\076\004\065\000\040\004\076\004\077\004\070\004\101\004\060\004\075\004\070\004\065}{section.7.3}% 66
\BOOKMARK [1][-]{section.7.4}{\376\377\0007\000.\0004\000\040\000e\000x\000c\000e\000p\000t\000i\000o\000n\000s\000.\000h}{chapter.7}% 67
\BOOKMARK [1][-]{section.7.5}{\376\377\0007\000.\0005\000\040\004\044\004\060\004\071\004\073\000\040\000/\000h\000o\000m\000e\000/\000s\000t\000u\000d\000e\000n\000t\000/\004\024\004\076\004\072\004\103\004\074\004\065\004\075\004\102\004\113\000/\000m\000a\000m\000e\000l\000i\000n\000/\000s\000e\000r\000v\000e\000r\000/\000s\000o\000u\000r\000c\000e\000/\000m\000o\000d\000u\000l\000e\000s\000/\000c\000r\000u\000t\000i\000l\000s\000.\000h}{chapter.7}% 68
\BOOKMARK [2][-]{subsection.7.5.1}{\376\377\0007\000.\0005\000.\0001\000\040\004\037\004\076\004\064\004\100\004\076\004\061\004\075\004\076\004\065\000\040\004\076\004\077\004\070\004\101\004\060\004\075\004\070\004\065}{section.7.5}% 69
\BOOKMARK [1][-]{section.7.6}{\376\377\0007\000.\0006\000\040\000c\000r\000u\000t\000i\000l\000s\000.\000h}{chapter.7}% 70
\BOOKMARK [1][-]{section.7.7}{\376\377\0007\000.\0007\000\040\004\044\004\060\004\071\004\073\000\040\000/\000h\000o\000m\000e\000/\000s\000t\000u\000d\000e\000n\000t\000/\004\024\004\076\004\072\004\103\004\074\004\065\004\075\004\102\004\113\000/\000m\000a\000m\000e\000l\000i\000n\000/\000s\000e\000r\000v\000e\000r\000/\000s\000o\000u\000r\000c\000e\000/\000m\000o\000d\000u\000l\000e\000s\000/\000i\000n\000t\000e\000r\000f\000a\000c\000e\000.\000h}{chapter.7}% 71
\BOOKMARK [2][-]{subsection.7.7.1}{\376\377\0007\000.\0007\000.\0001\000\040\004\037\004\076\004\064\004\100\004\076\004\061\004\075\004\076\004\065\000\040\004\076\004\077\004\070\004\101\004\060\004\075\004\070\004\065}{section.7.7}% 72
\BOOKMARK [1][-]{section.7.8}{\376\377\0007\000.\0008\000\040\000i\000n\000t\000e\000r\000f\000a\000c\000e\000.\000h}{chapter.7}% 73
\BOOKMARK [1][-]{section.7.9}{\376\377\0007\000.\0009\000\040\004\044\004\060\004\071\004\073\000\040\000/\000h\000o\000m\000e\000/\000s\000t\000u\000d\000e\000n\000t\000/\004\024\004\076\004\072\004\103\004\074\004\065\004\075\004\102\004\113\000/\000m\000a\000m\000e\000l\000i\000n\000/\000s\000e\000r\000v\000e\000r\000/\000s\000o\000u\000r\000c\000e\000/\000m\000a\000i\000n\000.\000c\000p\000p}{chapter.7}% 74
\BOOKMARK [2][-]{subsection.7.9.1}{\376\377\0007\000.\0009\000.\0001\000\040\004\037\004\076\004\064\004\100\004\076\004\061\004\075\004\076\004\065\000\040\004\076\004\077\004\070\004\101\004\060\004\075\004\070\004\065}{section.7.9}% 75
\BOOKMARK [2][-]{subsection.7.9.2}{\376\377\0007\000.\0009\000.\0002\000\040\004\044\004\103\004\075\004\072\004\106\004\070\004\070}{section.7.9}% 76
\BOOKMARK [3][-]{subsubsection.7.9.2.1}{\376\377\0007\000.\0009\000.\0002\000.\0001\000\040\000m\000a\000i\000n\000\050\000\051}{subsection.7.9.2}% 77
\BOOKMARK [0][-]{section*.15}{\376\377\004\037\004\100\004\065\004\064\004\074\004\065\004\102\004\075\004\113\004\071\000\040\004\103\004\072\004\060\004\067\004\060\004\102\004\065\004\073\004\114}{}% 78
